<?xml version="1.0" encoding="UTF-8"?>
<testng-results ignored="0" total="1" passed="1" failed="0" skipped="0">
  <reporter-output>
    <line>
      <![CDATA[cont is executed]]>
    </line>
  </reporter-output>
  <suite started-at="2024-08-02T00:08:17 IST" name="Default suite" finished-at="2024-08-02T00:08:46 IST" duration-ms="28770">
    <groups>
    </groups>
    <test started-at="2024-08-02T00:08:17 IST" name="Default test" finished-at="2024-08-02T00:08:46 IST" duration-ms="28770">
      <class name="Contact.addCont">
        <test-method is-config="true" signature="precondition()[pri:0, instance:Contact.addCont@909217e]" started-at="2024-08-02T00:08:17 IST" name="precondition" finished-at="2024-08-02T00:08:20 IST" duration-ms="3293" status="PASS">
          <reporter-output>
          </reporter-output>
        </test-method> <!-- precondition -->
        <test-method is-config="true" signature="loginFunction()[pri:0, instance:Contact.addCont@909217e]" started-at="2024-08-02T00:08:20 IST" name="loginFunction" finished-at="2024-08-02T00:08:36 IST" duration-ms="16009" status="PASS">
          <reporter-output>
          </reporter-output>
        </test-method> <!-- loginFunction -->
        <test-method signature="cont()[pri:0, instance:Contact.addCont@909217e]" started-at="2024-08-02T00:08:36 IST" name="cont" finished-at="2024-08-02T00:08:43 IST" duration-ms="7020" status="PASS">
          <reporter-output>
            <line>
              <![CDATA[cont is executed]]>
            </line>
          </reporter-output>
        </test-method> <!-- cont -->
        <test-method is-config="true" signature="logout()[pri:0, instance:Contact.addCont@909217e]" started-at="2024-08-02T00:08:43 IST" name="logout" finished-at="2024-08-02T00:08:45 IST" duration-ms="1553" status="PASS">
          <reporter-output>
          </reporter-output>
        </test-method> <!-- logout -->
        <test-method is-config="true" signature="postCondition()[pri:0, instance:Contact.addCont@909217e]" started-at="2024-08-02T00:08:45 IST" name="postCondition" finished-at="2024-08-02T00:08:46 IST" duration-ms="570" status="PASS">
          <reporter-output>
          </reporter-output>
        </test-method> <!-- postCondition -->
      </class> <!-- Contact.addCont -->
    </test> <!-- Default test -->
  </suite> <!-- Default suite -->
</testng-results>
